MPASM 5.76                          LAB4.ASM   3-26-2018  2:26:27         PAGE  1


LOC  OBJECT CODE     LINE SOURCE TEXT
  VALUE

                      00001 ;ELG 4159 Lab 4
                      00002 ;Group 16
                      00003 ;Paul Buzuloiu
                      00004 ;Manit Ginoya
                      00005 ;Nikhil Peri
                      00006     
                      00007 ;use AN0 because 16 mod 8 is 0
                      00008 ;CCP2 because 16 is even
                      00009     
                      00010   
Warning[205]: Found directive in column 1. (__CONFIG)
2007   30E4           00011 __CONFIG _CP_OFF & _CPD_OFF & _BOD_OFF & _PWRTE_ON & _WDT_OFF & _INTRC_OSC_NOCLKOUT & _MCLRE_ON & _FCMEN
                            _OFF & _IESO_OFF
Warning[205]: Found directive in column 1. (errorlevel)
                      00012 errorlevel -302 ; supress "register not in bank0, check page bits" message
                      00013 
  00000020            00014 temp_msb_A = 0x20;some GPR
  00000021            00015 temp_lsb_A = 0x21;the next GPR
  00000022            00016 temp_msb_B = 0x22;some GPR
  00000023            00017 temp_lsb_B = 0x23;the next GPR
                      00018 
  00000024            00019 seven_counter = 0x24;the next next GPR
                      00020 
                      00021 #include<p16f917.inc>
                      00001         LIST
                      00002 
                      00003 ;==========================================================================
                      00004 ; Build date : Sep 19 2017
                      00005 ;  MPASM PIC16F917 processor include
                      00006 ; 
                      00007 ;  (c) Copyright 1999-2017 Microchip Technology, All rights reserved
                      00008 ;==========================================================================
                      00009 
                      01253         LIST
                      00022     org 0x00
0000   2???           00023     goto START 
                      00024     org 0x05
                      00025     
0005                  00026 START
                      00027     ;configure PWM
0005   1683           00028     bsf STATUS,RP0;bank1
0006   1303           00029     bcf STATUS,RP1
0007   1508           00030     bsf TRISD,2 ;configure RD2 as temporary input
0008   30FF           00031     movlw d'255'
0009   0092           00032     movwf PR2
000A   3070           00033     movlw b'01110000'
000B   008F           00034     movwf OSCCON
000C   1283           00035     bcf STATUS,RP0 ;bank 0
000D   3004           00036     movlw b'00000100' ;postscaler=0 prescaler=1 enable=yes
000E   0092           00037     movwf T2CON
000F   1683           00038     bsf STATUS,RP0 ;configure RD2 back to output
0010   1108           00039     BCF TRISD,2
                      00040     
MPASM 5.76                          LAB4.ASM   3-26-2018  2:26:27         PAGE  2


LOC  OBJECT CODE     LINE SOURCE TEXT
  VALUE

                      00041     ;configure ADC
0011   1683 1303      00042     BANKSEL ADCON1
0013   3050           00043     MOVLW b'01010000' ;set ADC Prescaler to 16
0014   009F           00044     MOVWF ADCON1
0015   1683 1303      00045     BANKSEL TRISA
0017   1405           00046     BSF TRISA,0 ;Set RA0 to input
0018   1683 1303      00047     BANKSEL ANSEL 
001A   1411           00048     BSF ANSEL,0 ;Set RA0 to analog
001B   1683 1303      00049     BANKSEL OPTION_REG
001D   3087           00050     MOVLW b'10000111' ;set timer0 prescaler to 256
001E   0081           00051     MOVWF OPTION_REG
001F   1283 1303      00052     BANKSEL ADCON0
0021   3081           00053     MOVLW b'10000001' ;Right justify, enable ADC
0022   009F           00054     MOVWF ADCON0
0023   2???           00055     call SampleTime
0024   2???           00056     goto MAIN
                      00057     
0025                  00058 MAIN
0025   189F           00059     BTFSC ADCON0,GO ; Wait until conversion finishes
0026   2???           00060     GOTO MAIN
0027   2???           00061     call move_adc_to_temp
0028   2???           00062     call right_shift_10_bit;divide by 8
0029   2???           00063     call right_shift_10_bit
002A   2???           00064     call right_shift_10_bit
002B   2???           00065     call multiply_10_bit_by_7_1
002C   1683           00066     bsf STATUS,RP0;bank1
002D   1303           00067     bcf STATUS,RP1
002E   1508           00068     bsf TRISD,2 ;configure RD2 as temporary input
002F   2???           00069     call move_temp_to_analog
0030   1283 1303      00070     banksel STATUS
0032   1683           00071     bsf STATUS,RP0 ;configure RD2 back to output
0033   1108           00072     BCF TRISD,2
0034   149F           00073     BSF ADCON0,GO ;Start conversion again
0035   2???           00074     goto MAIN
                      00075       
0036                  00076 TERMINATE
0036   2???           00077     goto TERMINATE
                      00078 
                      00079     
0037                  00080 move_adc_to_temp
0037   1283 1303      00081     BANKSEL ADRESH ;get MSBs and move them to temp
0039   081E           00082     MOVF ADRESH,0
003A   00A0           00083     MOVWF temp_msb_A
003B   1683 1303      00084     BANKSEL ADRESL ;get LSBs and move them to temp
003D   081E           00085     MOVF ADRESL,0
003E   1283           00086     BCF STATUS,RP0
003F   00A1           00087     MOVWF temp_lsb_A
0040   0008           00088     return
                      00089     
0041                  00090 move_temp_to_analog
0041   1303           00091     BCF STATUS,RP1 ;bank 0 for the temp registers
0042   1283           00092     BCF STATUS,RP0
0043   0DA2           00093     RLF temp_msb_B,1
MPASM 5.76                          LAB4.ASM   3-26-2018  2:26:27         PAGE  3


LOC  OBJECT CODE     LINE SOURCE TEXT
  VALUE

0044   0D22           00094     RLF temp_msb_B,0
                      00095     ;move temp to work reg
0045   1283 1303      00096     BANKSEL CCP2CON
0047   009D           00097     movwf CCP2CON ;<5:4> as computed in part 1, <3:0> = 11xx for PWM
0048   159D           00098     BSF CCP2CON,3 
0049   151D           00099     BSF CCP2CON,2
004A   109D           00100     BCF CCP2CON,1
004B   101D           00101     BCF CCP2CON,0
004C   1283           00102     BCF STATUS,RP0;get LSBs from temp
004D   0823           00103     MOVF temp_lsb_B,0
004E   1283 1303      00104     BANKSEL CCPR2L
0050   009B           00105     movwf CCPR2L ;as computed in part 1
0051   0008           00106     return
                      00107     
0052                  00108 right_shift_10_bit
0052   1283           00109     BCF STATUS,RP0
0053   1303           00110     BCF STATUS,RP1
0054   0C20           00111     RRF temp_msb_A,0 ;if a 1 is carried out, it will automatically be carried into temp_lsb
0055   3020           00112     MOVLW temp_msb_A
0056   3022           00113     MOVLW temp_msb_B
0057   0C21           00114     RRF temp_lsb_A,0
0058   3021           00115     MOVLW temp_lsb_A
0059   3023           00116     MOVLW temp_lsb_B
005A   0008           00117     return
                      00118     
005B                  00119 multiply_10_bit_by_7_1
005B   1283           00120     BCF STATUS,RP0
005C   1303           00121     BCF STATUS,RP1
005D   3007           00122     MOVLW d'7'
Message[305]: Using default destination of 1 (file).
005E   08A4           00123     MOVF seven_counter
005F   2???           00124     call multiply_10_bit_by_7_2
0060   0008           00125     return
                      00126     
0061                  00127 multiply_10_bit_by_7_2
0061   3021           00128     MOVLW temp_lsb_A
0062   07A3           00129     ADDWF temp_lsb_B,1
                      00130     ;add work reg to number
0063   1803           00131     BTFSC STATUS,C ;check if LSBs had a carry
0064   0AA2           00132     INCF temp_msb_B,1
0065   3020           00133     MOVLW temp_msb_A
0066   07A2           00134     ADDWF temp_msb_B,1
0067   0BA4           00135     DECFSZ seven_counter,1
0068   2???           00136     goto multiply_10_bit_by_7_2
0069   0008           00137     return
                      00138     
006A                  00139 SampleTime ;acquisition delay subroutine, waits 2 microseconds
006A   1283 1303      00140     BANKSEL INTCON ;move to bank 0
006C   110B           00141     BCF INTCON,T0IF ;clear timer 0 interrupt flag
006D   30FE           00142     MOVLW d'254' ;set timer0 initial value for tAD
006E   0081           00143     MOVWF TMR0
006F   2???           00144     call TimingLoop
0070   0008           00145     return
MPASM 5.76                          LAB4.ASM   3-26-2018  2:26:27         PAGE  4


LOC  OBJECT CODE     LINE SOURCE TEXT
  VALUE

                      00146     
0071                  00147 TimingLoop
0071   1D0B           00148     BTFSS INTCON,T0IF ;wait until timer overflows (2 microseconds)
0072   2???           00149     goto TimingLoop
0073   0008           00150     return
                      00151     
Warning[205]: Found directive in column 1. (END)
30E4                  00152 END
MPASM 5.76                          LAB4.ASM   3-26-2018  2:26:27         PAGE  5


SYMBOL TABLE
  LABEL                             VALUE 

ADCON0                            0000001F
ADCON1                            0000009F
ADCS0                             00000004
ADCS1                             00000005
ADCS2                             00000006
ADDEN                             00000003
ADFM                              00000007
ADIE                              00000006
ADIF                              00000006
ADON                              00000000
ADRESH                            0000001E
ADRESL                            0000009E
AN0                               00000000
AN1                               00000001
AN2                               00000002
AN3                               00000003
AN4                               00000004
AN5                               00000005
AN6                               00000006
AN7                               00000007
ANS0                              00000000
ANS1                              00000001
ANS2                              00000002
ANS3                              00000003
ANS4                              00000004
ANS5                              00000005
ANS6                              00000006
ANS7                              00000007
ANSEL                             00000091
BF                                00000000
BIASMD                            00000006
BRGH                              00000002
C                                 00000000
C1IE                              00000005
C1IF                              00000005
C1INV                             00000004
C1OUT                             00000006
C2IE                              00000006
C2IF                              00000006
C2INV                             00000005
C2OUT                             00000007
C2SYNC                            00000000
CCP1CON                           00000017
CCP1IE                            00000002
CCP1IF                            00000002
CCP1M0                            00000000
CCP1M1                            00000001
CCP1M2                            00000002
CCP1M3                            00000003
CCP1X                             00000005
CCP1Y                             00000004
CCP2CON                           0000001D
CCP2IE                            00000000
MPASM 5.76                          LAB4.ASM   3-26-2018  2:26:27         PAGE  6


SYMBOL TABLE
  LABEL                             VALUE 

CCP2IF                            00000000
CCP2M0                            00000000
CCP2M1                            00000001
CCP2M2                            00000002
CCP2M3                            00000003
CCP2X                             00000005
CCP2Y                             00000004
CCPR1                             00000015
CCPR1H                            00000016
CCPR1L                            00000015
CCPR2                             0000001B
CCPR2H                            0000001C
CCPR2L                            0000001B
CHS0                              00000002
CHS1                              00000003
CHS2                              00000004
CIS                               00000003
CKE                               00000006
CKP                               00000004
CM0                               00000000
CM1                               00000001
CM2                               00000002
CMCON0                            0000009C
CMCON1                            00000097
CREN                              00000004
CS0                               00000002
CS1                               00000003
CSRC                              00000007
D                                 00000005
DATA_ADDRESS                      00000005
DC                                00000001
D_A                               00000005
D_NOT_A                           00000005
EEADR                             0000010D
EEADRH                            0000010F
EEADRH0                           00000000
EEADRH1                           00000001
EEADRH2                           00000002
EEADRH3                           00000003
EEADRH4                           00000004
EEADRL                            0000010D
EEADRL0                           00000000
EEADRL1                           00000001
EEADRL2                           00000002
EEADRL3                           00000003
EEADRL4                           00000004
EEADRL5                           00000005
EEADRL6                           00000006
EEADRL7                           00000007
EECON1                            0000018C
EECON2                            0000018D
EEDATA                            0000010C
EEDATH                            0000010E
MPASM 5.76                          LAB4.ASM   3-26-2018  2:26:27         PAGE  7


SYMBOL TABLE
  LABEL                             VALUE 

EEDATH0                           00000000
EEDATH1                           00000001
EEDATH2                           00000002
EEDATH3                           00000003
EEDATH4                           00000004
EEDATH5                           00000005
EEDATL                            0000010C
EEDATL0                           00000000
EEDATL1                           00000001
EEDATL2                           00000002
EEDATL3                           00000003
EEDATL4                           00000004
EEDATL5                           00000005
EEDATL6                           00000006
EEDATL7                           00000007
EEIE                              00000007
EEIF                              00000007
EEPGD                             00000007
EERD                              00000000
EEWR                              00000001
F                                 00000001
FERR                              00000002
FSR                               00000004
GIE                               00000007
GO                                00000001
GO_DONE                           00000001
GO_NOT_DONE                       00000001
HTS                               00000002
I2C_DATA                          00000005
I2C_READ                          00000002
I2C_START                         00000003
I2C_STOP                          00000004
INDF                              00000000
INTCON                            0000000B
INTE                              00000004
INTEDG                            00000006
INTF                              00000001
IOC                               00000096
IOC4                              00000004
IOC5                              00000005
IOC6                              00000006
IOC7                              00000007
IOCB                              00000096
IOCB4                             00000004
IOCB5                             00000005
IOCB6                             00000006
IOCB7                             00000007
IRCF0                             00000004
IRCF1                             00000005
IRCF2                             00000006
IRP                               00000007
IRVST                             00000005
LCDA                              00000005
MPASM 5.76                          LAB4.ASM   3-26-2018  2:26:27         PAGE  8


SYMBOL TABLE
  LABEL                             VALUE 

LCDCON                            00000107
LCDDATA0                          00000110
LCDDATA1                          00000111
LCDDATA10                         0000011A
LCDDATA11                         0000011B
LCDDATA2                          00000112
LCDDATA3                          00000113
LCDDATA4                          00000114
LCDDATA5                          00000115
LCDDATA6                          00000116
LCDDATA7                          00000117
LCDDATA8                          00000118
LCDDATA9                          00000119
LCDEN                             00000007
LCDIE                             00000004
LCDIF                             00000004
LCDPS                             00000108
LCDSE0                            0000011C
LCDSE1                            0000011D
LCDSE2                            0000011E
LMUX0                             00000000
LMUX1                             00000001
LP0                               00000000
LP1                               00000001
LP2                               00000002
LP3                               00000003
LTS                               00000001
LVDCON                            00000109
LVDEN                             00000004
LVDIE                             00000002
LVDIF                             00000002
LVDL0                             00000000
LVDL1                             00000001
LVDL2                             00000002
MAIN                              00000025
NOT_A                             00000005
NOT_ADDRESS                       00000005
NOT_BO                            00000000
NOT_BOR                           00000000
NOT_DONE                          00000001
NOT_PD                            00000003
NOT_POR                           00000001
NOT_RBPU                          00000007
NOT_RC8                           00000006
NOT_T1SYNC                        00000002
NOT_TO                            00000004
NOT_TX8                           00000006
NOT_W                             00000002
NOT_WRITE                         00000002
OERR                              00000001
OPTION_REG                        00000081
OSCCON                            0000008F
OSCTUNE                           00000090
MPASM 5.76                          LAB4.ASM   3-26-2018  2:26:27         PAGE  9


SYMBOL TABLE
  LABEL                             VALUE 

OSFIE                             00000007
OSFIF                             00000007
OSTS                              00000003
P                                 00000004
PCL                               00000002
PCLATH                            0000000A
PCON                              0000008E
PEIE                              00000006
PIE1                              0000008C
PIE2                              0000008D
PIR1                              0000000C
PIR2                              0000000D
PORTA                             00000005
PORTB                             00000006
PORTC                             00000007
PORTD                             00000008
PORTE                             00000009
PR2                               00000092
PS0                               00000000
PS1                               00000001
PS2                               00000002
PSA                               00000003
R                                 00000002
RA0                               00000000
RA1                               00000001
RA2                               00000002
RA3                               00000003
RA4                               00000004
RA5                               00000005
RA6                               00000006
RA7                               00000007
RB0                               00000000
RB1                               00000001
RB2                               00000002
RB3                               00000003
RB4                               00000004
RB5                               00000005
RB6                               00000006
RB7                               00000007
RBIE                              00000003
RBIF                              00000000
RC0                               00000000
RC1                               00000001
RC2                               00000002
RC3                               00000003
RC4                               00000004
RC5                               00000005
RC6                               00000006
RC7                               00000007
RC8_9                             00000006
RC9                               00000006
RCD8                              00000000
RCIE                              00000005
MPASM 5.76                          LAB4.ASM   3-26-2018  2:26:27         PAGE 10


SYMBOL TABLE
  LABEL                             VALUE 

RCIF                              00000005
RCREG                             0000001A
RCSTA                             00000018
RD                                00000000
RD0                               00000000
RD1                               00000001
RD2                               00000002
RD3                               00000003
RD4                               00000004
RD5                               00000005
RD6                               00000006
RD7                               00000007
RE0                               00000000
RE1                               00000001
RE2                               00000002
RE3                               00000003
READ_WRITE                        00000002
RP0                               00000005
RP1                               00000006
RX9                               00000006
RX9D                              00000000
R_NOT_W                           00000002
R_W                               00000002
S                                 00000003
S0C0                              00000000
S0C1                              00000000
S0C2                              00000000
S0C3                              00000000
S10C0                             00000002
S10C1                             00000002
S10C2                             00000002
S10C3                             00000002
S11C0                             00000003
S11C1                             00000003
S11C2                             00000003
S11C3                             00000003
S12C0                             00000004
S12C1                             00000004
S12C2                             00000004
S12C3                             00000004
S13C0                             00000005
S13C1                             00000005
S13C2                             00000005
S13C3                             00000005
S14C0                             00000006
S14C1                             00000006
S14C2                             00000006
S14C3                             00000006
S15C0                             00000007
S15C1                             00000007
S15C2                             00000007
S15C3                             00000007
S16C0                             00000000
MPASM 5.76                          LAB4.ASM   3-26-2018  2:26:27         PAGE 11


SYMBOL TABLE
  LABEL                             VALUE 

S16C1                             00000000
S16C2                             00000000
S16C3                             00000000
S17C0                             00000001
S17C1                             00000001
S17C2                             00000001
S17C3                             00000001
S18C0                             00000002
S18C1                             00000002
S18C2                             00000002
S18C3                             00000002
S19C0                             00000003
S19C1                             00000003
S19C2                             00000003
S19C3                             00000003
S1C0                              00000001
S1C1                              00000001
S1C2                              00000001
S1C3                              00000001
S20C0                             00000004
S20C1                             00000004
S20C2                             00000004
S20C3                             00000004
S21C0                             00000005
S21C1                             00000005
S21C2                             00000005
S21C3                             00000005
S22C0                             00000006
S22C1                             00000006
S22C2                             00000006
S22C3                             00000006
S23C0                             00000007
S23C1                             00000007
S23C2                             00000007
S23C3                             00000007
S2C0                              00000002
S2C1                              00000002
S2C2                              00000002
S2C3                              00000002
S3C0                              00000003
S3C1                              00000003
S3C2                              00000003
S3C3                              00000003
S4C0                              00000004
S4C1                              00000004
S4C2                              00000004
S4C3                              00000004
S5C0                              00000005
S5C1                              00000005
S5C2                              00000005
S5C3                              00000005
S6C0                              00000006
S6C1                              00000006
MPASM 5.76                          LAB4.ASM   3-26-2018  2:26:27         PAGE 12


SYMBOL TABLE
  LABEL                             VALUE 

S6C2                              00000006
S6C3                              00000006
S7C0                              00000007
S7C1                              00000007
S7C2                              00000007
S7C3                              00000007
S8C0                              00000000
S8C1                              00000000
S8C2                              00000000
S8C3                              00000000
S9C0                              00000001
S9C1                              00000001
S9C2                              00000001
S9C3                              00000001
SBOREN                            00000004
SCS                               00000000
SE0                               00000000
SE1                               00000001
SE10                              00000002
SE11                              00000003
SE12                              00000004
SE13                              00000005
SE14                              00000006
SE15                              00000007
SE16                              00000000
SE17                              00000001
SE18                              00000002
SE19                              00000003
SE2                               00000002
SE20                              00000004
SE21                              00000005
SE22                              00000006
SE23                              00000007
SE3                               00000003
SE4                               00000004
SE5                               00000005
SE6                               00000006
SE7                               00000007
SE8                               00000000
SE9                               00000001
SEG0                              00000000
SEG0COM0                          00000000
SEG0COM1                          00000000
SEG0COM2                          00000000
SEG0COM3                          00000000
SEG1                              00000001
SEG10                             00000002
SEG10COM0                         00000002
SEG10COM1                         00000002
SEG10COM2                         00000002
SEG10COM3                         00000002
SEG11                             00000003
SEG11COM0                         00000003
MPASM 5.76                          LAB4.ASM   3-26-2018  2:26:27         PAGE 13


SYMBOL TABLE
  LABEL                             VALUE 

SEG11COM1                         00000003
SEG11COM2                         00000003
SEG11COM3                         00000003
SEG12                             00000004
SEG12COM0                         00000004
SEG12COM1                         00000004
SEG12COM2                         00000004
SEG12COM3                         00000004
SEG13                             00000005
SEG13COM0                         00000005
SEG13COM1                         00000005
SEG13COM2                         00000005
SEG13COM3                         00000005
SEG14                             00000006
SEG14COM0                         00000006
SEG14COM1                         00000006
SEG14COM2                         00000006
SEG14COM3                         00000006
SEG15                             00000007
SEG15COM0                         00000007
SEG15COM1                         00000007
SEG15COM2                         00000007
SEG15COM3                         00000007
SEG16                             00000000
SEG16COM0                         00000000
SEG16COM1                         00000000
SEG16COM2                         00000000
SEG16COM3                         00000000
SEG17                             00000001
SEG17COM0                         00000001
SEG17COM1                         00000001
SEG17COM2                         00000001
SEG17COM3                         00000001
SEG18                             00000002
SEG18COM0                         00000002
SEG18COM1                         00000002
SEG18COM2                         00000002
SEG18COM3                         00000002
SEG19                             00000003
SEG19COM0                         00000003
SEG19COM1                         00000003
SEG19COM2                         00000003
SEG19COM3                         00000003
SEG1COM0                          00000001
SEG1COM1                          00000001
SEG1COM2                          00000001
SEG1COM3                          00000001
SEG2                              00000002
SEG20                             00000004
SEG20COM0                         00000004
SEG20COM1                         00000004
SEG20COM2                         00000004
SEG20COM3                         00000004
MPASM 5.76                          LAB4.ASM   3-26-2018  2:26:27         PAGE 14


SYMBOL TABLE
  LABEL                             VALUE 

SEG21                             00000005
SEG21COM0                         00000005
SEG21COM1                         00000005
SEG21COM2                         00000005
SEG21COM3                         00000005
SEG22                             00000006
SEG22COM0                         00000006
SEG22COM1                         00000006
SEG22COM2                         00000006
SEG22COM3                         00000006
SEG23                             00000007
SEG23COM0                         00000007
SEG23COM1                         00000007
SEG23COM2                         00000007
SEG23COM3                         00000007
SEG2COM0                          00000002
SEG2COM1                          00000002
SEG2COM2                          00000002
SEG2COM3                          00000002
SEG3                              00000003
SEG3COM0                          00000003
SEG3COM1                          00000003
SEG3COM2                          00000003
SEG3COM3                          00000003
SEG4                              00000004
SEG4COM0                          00000004
SEG4COM1                          00000004
SEG4COM2                          00000004
SEG4COM3                          00000004
SEG5                              00000005
SEG5COM0                          00000005
SEG5COM1                          00000005
SEG5COM2                          00000005
SEG5COM3                          00000005
SEG6                              00000006
SEG6COM0                          00000006
SEG6COM1                          00000006
SEG6COM2                          00000006
SEG6COM3                          00000006
SEG7                              00000007
SEG7COM0                          00000007
SEG7COM1                          00000007
SEG7COM2                          00000007
SEG7COM3                          00000007
SEG8                              00000000
SEG8COM0                          00000000
SEG8COM1                          00000000
SEG8COM2                          00000000
SEG8COM3                          00000000
SEG9                              00000001
SEG9COM0                          00000001
SEG9COM1                          00000001
SEG9COM2                          00000001
MPASM 5.76                          LAB4.ASM   3-26-2018  2:26:27         PAGE 15


SYMBOL TABLE
  LABEL                             VALUE 

SEG9COM3                          00000001
SEGEN0                            00000000
SEGEN1                            00000001
SEGEN10                           00000002
SEGEN11                           00000003
SEGEN12                           00000004
SEGEN13                           00000005
SEGEN14                           00000006
SEGEN15                           00000007
SEGEN16                           00000000
SEGEN17                           00000001
SEGEN18                           00000002
SEGEN19                           00000003
SEGEN2                            00000002
SEGEN20                           00000004
SEGEN21                           00000005
SEGEN22                           00000006
SEGEN23                           00000007
SEGEN3                            00000003
SEGEN4                            00000004
SEGEN5                            00000005
SEGEN6                            00000006
SEGEN7                            00000007
SEGEN8                            00000000
SEGEN9                            00000001
SLPEN                             00000006
SMP                               00000007
SPBRG                             00000099
SPEN                              00000007
SREN                              00000005
SSPADD                            00000093
SSPBUF                            00000013
SSPCON                            00000014
SSPEN                             00000005
SSPIE                             00000003
SSPIF                             00000003
SSPM0                             00000000
SSPM1                             00000001
SSPM2                             00000002
SSPM3                             00000003
SSPOV                             00000006
SSPSTAT                           00000094
START                             00000005
STATUS                            00000003
SWDTE                             00000000
SWDTEN                            00000000
SYNC                              00000004
SampleTime                        0000006A
T0CS                              00000005
T0IE                              00000005
T0IF                              00000002
T0SE                              00000004
T1CKPS0                           00000004
MPASM 5.76                          LAB4.ASM   3-26-2018  2:26:27         PAGE 16


SYMBOL TABLE
  LABEL                             VALUE 

T1CKPS1                           00000005
T1CON                             00000010
T1GE                              00000006
T1GINV                            00000007
T1GSS                             00000001
T1INSYNC                          00000002
T1OSCEN                           00000003
T1SYNC                            00000002
T2CKPS0                           00000000
T2CKPS1                           00000001
T2CON                             00000012
TERMINATE                         00000036
TMR0                              00000001
TMR0IE                            00000005
TMR0IF                            00000002
TMR1                              0000000E
TMR1CS                            00000001
TMR1GE                            00000006
TMR1H                             0000000F
TMR1IE                            00000000
TMR1IF                            00000000
TMR1L                             0000000E
TMR1ON                            00000000
TMR2                              00000011
TMR2IE                            00000001
TMR2IF                            00000001
TMR2ON                            00000002
TOUTPS0                           00000003
TOUTPS1                           00000004
TOUTPS2                           00000005
TOUTPS3                           00000006
TRISA                             00000085
TRISA0                            00000000
TRISA1                            00000001
TRISA2                            00000002
TRISA3                            00000003
TRISA4                            00000004
TRISA5                            00000005
TRISA6                            00000006
TRISA7                            00000007
TRISB                             00000086
TRISB0                            00000000
TRISB1                            00000001
TRISB2                            00000002
TRISB3                            00000003
TRISB4                            00000004
TRISB5                            00000005
TRISB6                            00000006
TRISB7                            00000007
TRISC                             00000087
TRISC0                            00000000
TRISC1                            00000001
TRISC2                            00000002
MPASM 5.76                          LAB4.ASM   3-26-2018  2:26:27         PAGE 17


SYMBOL TABLE
  LABEL                             VALUE 

TRISC3                            00000003
TRISC4                            00000004
TRISC5                            00000005
TRISC6                            00000006
TRISC7                            00000007
TRISD                             00000088
TRISD0                            00000000
TRISD1                            00000001
TRISD2                            00000002
TRISD3                            00000003
TRISD4                            00000004
TRISD5                            00000005
TRISD6                            00000006
TRISD7                            00000007
TRISE                             00000089
TRISE0                            00000000
TRISE1                            00000001
TRISE2                            00000002
TRISE3                            00000003
TRMT                              00000001
TUN0                              00000000
TUN1                              00000001
TUN2                              00000002
TUN3                              00000003
TUN4                              00000004
TX8_9                             00000006
TX9                               00000006
TX9D                              00000000
TXD8                              00000000
TXEN                              00000005
TXIE                              00000004
TXIF                              00000004
TXREG                             00000019
TXSTA                             00000098
TimingLoop                        00000071
UA                                00000001
VCFG0                             00000005
VCFG1                             00000006
VLCDEN                            00000004
VR0                               00000000
VR1                               00000001
VR2                               00000002
VR3                               00000003
VRCON                             0000009D
VREN                              00000007
VRR                               00000005
W                                 00000000
WA                                00000004
WCOL                              00000007
WDTCON                            00000105
WDTPS0                            00000001
WDTPS1                            00000002
WDTPS2                            00000003
MPASM 5.76                          LAB4.ASM   3-26-2018  2:26:27         PAGE 18


SYMBOL TABLE
  LABEL                             VALUE 

WDTPS3                            00000004
WERR                              00000005
WFT                               00000007
WPU                               00000095
WPU0                              00000000
WPU1                              00000001
WPU2                              00000002
WPU3                              00000003
WPU4                              00000004
WPU5                              00000005
WPU6                              00000006
WPU7                              00000007
WPUB                              00000095
WPUB0                             00000000
WPUB1                             00000001
WPUB2                             00000002
WPUB3                             00000003
WPUB4                             00000004
WPUB5                             00000005
WPUB6                             00000006
WPUB7                             00000007
WR                                00000001
WREN                              00000002
WRERR                             00000003
Z                                 00000002
_BOD_NSLEEP                       00003EFF
_BOD_OFF                          00003CFF
_BOD_ON                           00003FFF
_BOD_SBODEN                       00003DFF
_BOREN_NSLEEP                     00003EFF
_BOREN_OFF                        00003CFF
_BOREN_ON                         00003FFF
_BOREN_SBODEN                     00003DFF
_CONFIG                           00002007
_CPD_OFF                          00003FFF
_CPD_ON                           00003F7F
_CP_OFF                           00003FFF
_CP_ON                            00003FBF
_DEBUG_OFF                        00003FFF
_DEBUG_ON                         00002FFF
_DEVID1                           00002006
_EC_OSC                           00003FFB
_EXTRC                            00003FFF
_EXTRCIO                          00003FFE
_EXTRC_OSC_CLKOUT                 00003FFF
_EXTRC_OSC_NOCLKOUT               00003FFE
_FCMEN_OFF                        000037FF
_FCMEN_ON                         00003FFF
_FOSC_EC                          00003FFB
_FOSC_EXTRCCLK                    00003FFF
_FOSC_EXTRCIO                     00003FFE
_FOSC_HS                          00003FFA
_FOSC_INTOSCCLK                   00003FFD
MPASM 5.76                          LAB4.ASM   3-26-2018  2:26:27         PAGE 19


SYMBOL TABLE
  LABEL                             VALUE 

_FOSC_INTOSCIO                    00003FFC
_FOSC_LP                          00003FF8
_FOSC_XT                          00003FF9
_HS_OSC                           00003FFA
_IDLOC0                           00002000
_IDLOC1                           00002001
_IDLOC2                           00002002
_IDLOC3                           00002003
_IESO_OFF                         00003BFF
_IESO_ON                          00003FFF
_INTOSC                           00003FFD
_INTOSCIO                         00003FFC
_INTRC_OSC_CLKOUT                 00003FFD
_INTRC_OSC_NOCLKOUT               00003FFC
_LP_OSC                           00003FF8
_MCLRE_OFF                        00003FDF
_MCLRE_ON                         00003FFF
_PWRTE_OFF                        00003FFF
_PWRTE_ON                         00003FEF
_WDTE_OFF                         00003FF7
_WDTE_ON                          00003FFF
_WDT_OFF                          00003FF7
_WDT_ON                           00003FFF
_XT_OSC                           00003FF9
__16F917                          00000001
move_adc_to_temp                  00000037
move_temp_to_analog               00000041
multiply_10_bit_by_7_1            0000005B
multiply_10_bit_by_7_2            00000061
right_shift_10_bit                00000052
seven_counter                     00000024
temp_lsb_A                        00000021
temp_lsb_B                        00000023
temp_msb_A                        00000020
temp_msb_B                        00000022

Errors   :     0
Warnings :     3 reported,     0 suppressed
Messages :     1 reported,    11 suppressed

